<?xml version="1.0" encoding="UTF-8"?>
<!-- Generated by org.testng.reporters.JUnitXMLReporter -->
<testsuite hostname="LAPTOP-4S1LRC7T" ignored="0" name="Command line test" tests="2" failures="1" timestamp="30 Oct 2019 13:42:20 GMT" time="0.077" errors="0">
  <testcase name="FirstTest" time="0.02" classname="mavensample.tests.sampleTest">
    <failure type="java.lang.AssertionError" message="null">
      <![CDATA[java.lang.AssertionError: null
at mavensample.tests.sampleTest.FirstTest(sampleTest.java:11)
... Removed 36 stack frames]]>
    </failure>
  </testcase> <!-- FirstTest -->
  <testcase name="SecondTest" time="0.001" classname="mavensample.tests.sampleTest"/>
</testsuite> <!-- Command line test -->
